<?xml version="1.0" encoding="UTF-8"?>
<!-- Generated by org.testng.reporters.JUnitReportReporter -->
<testsuite hostname="RAYAN-PC" failures="0" tests="3" name="TestNGDemo.Priority" time="10.670" errors="0" timestamp="2021-09-15T11:58:08 IST" skipped="0">
  <testcase classname="TestNGDemo.Priority" name="Test3" time="1.678"/>
  <system-out/>
  <testcase classname="TestNGDemo.Priority" name="Test1" time="2.460"/>
  <system-out/>
  <testcase classname="TestNGDemo.Priority" name="Test2" time="6.532"/>
  <system-out/>
</testsuite> <!-- TestNGDemo.Priority -->
