<?xml version="1.0" encoding="UTF-8"?>
<!-- Generated by org.testng.reporters.JUnitReportReporter -->
<testsuite hostname="NAZIM-LAPTOP" failures="0" tests="2" name="Dependency.DependentMethods" time="0.019" errors="0" timestamp="2021-09-15T22:51:53 IST" skipped="0">
  <testcase classname="Dependency.DependentMethods" name="SignIn" time="0.002"/>
  <system-out/>
  <testcase classname="Dependency.DependentMethods" name="OpenBrowser" time="0.017"/>
  <system-out/>
</testsuite> <!-- Dependency.DependentMethods -->
