<?xml version="1.0" encoding="UTF-8"?>
<!-- Generated by org.testng.reporters.JUnitReportReporter -->
<testsuite hostname="DESKTOP-5D7ALPM" failures="0" tests="2" name="TestNGDemo.TestNGBasics" time="0.014" errors="0" timestamp="2021-12-21T12:39:42 IST" skipped="0">
  <testcase classname="TestNGDemo.TestNGBasics" name="test1" time="0.010"/>
  <system-out/>
  <testcase classname="TestNGDemo.TestNGBasics" name="test2" time="0.004"/>
  <system-out/>
</testsuite> <!-- TestNGDemo.TestNGBasics -->
