<?xml version="1.0" encoding="UTF-8"?>
<!-- Generated by org.testng.reporters.JUnitReportReporter -->
<testsuite hostname="RAYAN-PC" failures="0" tests="2" name="Grouping.TestngGrouping1" time="21.772" errors="0" timestamp="2021-09-15T16:23:17 IST" skipped="0">
  <testcase classname="Grouping.TestngGrouping1" name="Test4" time="5.567"/>
  <system-out/>
  <testcase classname="Grouping.TestngGrouping1" name="Test2" time="16.205"/>
  <system-out/>
</testsuite> <!-- Grouping.TestngGrouping1 -->
