<?xml version="1.0" encoding="UTF-8"?>
<!-- Generated by org.testng.reporters.JUnitReportReporter -->
<testsuite hostname="RAYAN-PC" failures="0" tests="3" name="TestNGDemo.BasicAnnotations" time="16.272" errors="0" timestamp="2021-09-15T10:35:30 IST" skipped="0">
  <testcase classname="TestNGDemo.BasicAnnotations" name="Test2" time="6.950"/>
  <system-out/>
  <testcase classname="TestNGDemo.BasicAnnotations" name="Test3" time="4.334"/>
  <system-out/>
  <testcase classname="TestNGDemo.BasicAnnotations" name="Test1" time="4.988"/>
  <system-out/>
</testsuite> <!-- TestNGDemo.BasicAnnotations -->
