<?xml version="1.0" encoding="UTF-8"?>
<!-- Generated by org.testng.reporters.JUnitReportReporter -->
<testsuite hostname="RAYAN-PC" failures="0" tests="2" name="Grouping.TestngGrouping" time="4.019" errors="0" timestamp="2021-09-15T16:23:17 IST" skipped="0">
  <testcase classname="Grouping.TestngGrouping" name="Test3" time="1.343"/>
  <system-out/>
  <testcase classname="Grouping.TestngGrouping" name="Test1" time="2.676"/>
  <system-out/>
</testsuite> <!-- Grouping.TestngGrouping -->
