<?xml version="1.0" encoding="UTF-8"?>
<!-- Generated by org.testng.reporters.JUnitReportReporter -->
<testsuite hostname="LAPTOP-2MRM6MV3" failures="0" tests="2" name="TestNGDemo.TestNGBasics" time="0.002" errors="0" timestamp="2022-01-08T13:45:20 IST" skipped="0">
  <testcase classname="TestNGDemo.TestNGBasics" name="test2" time="0.000"/>
  <system-out/>
  <testcase classname="TestNGDemo.TestNGBasics" name="test1" time="0.002"/>
  <system-out/>
</testsuite> <!-- TestNGDemo.TestNGBasics -->
