<?xml version="1.0" encoding="UTF-8"?>
<!-- Generated by org.testng.reporters.JUnitReportReporter -->
<testsuite hostname="DESKTOP-5D7ALPM" failures="0" tests="2" name="TestNGDemo.TestNGBasics" time="0.016" errors="0" timestamp="2021-12-21T14:08:11 IST" skipped="0">
  <testcase classname="TestNGDemo.TestNGBasics" name="test1" time="0.015"/>
  <system-out/>
  <testcase classname="TestNGDemo.TestNGBasics" name="test2" time="0.001"/>
  <system-out/>
</testsuite> <!-- TestNGDemo.TestNGBasics -->
